[2024-04-11 18:27:02.166] [INFO] common - Running in undefined mode @ http://localhost:80
[2024-04-11 18:28:11.224] [INFO] common - Running in undefined mode @ http://localhost:80
[2024-04-11 18:28:34.365] [INFO] common - Running in undefined mode @ http://localhost:80
[2024-04-11 18:28:53.065] [INFO] common - Running in undefined mode @ http://localhost:80
[2024-04-12 18:03:58.745] [INFO] common - Running in undefined mode @ http://localhost:80
[2024-04-12 18:15:36.369] [INFO] common - Running in undefined mode @ http://localhost:80
[2024-04-12 18:25:07.680] [INFO] common - Running in undefined mode @ http://localhost:80
[2024-04-12 18:25:31.135] [INFO] common - Running in undefined mode @ http://localhost:80
[2024-04-12 18:32:42.090] [INFO] common - Running in undefined mode @ http://localhost:80
[2024-04-12 18:33:54.639] [INFO] common - Running in undefined mode @ http://localhost:80
[2024-04-12 18:44:45.563] [INFO] common - Running in undefined mode @ http://localhost:80
[2024-04-12 18:44:45.570] [ERROR] common - Uncaught Exception
[2024-04-12 18:44:45.570] [ERROR] common - { inspect: [Function: inspect] }
[2024-04-12 18:44:45.570] [ERROR] common - Error: listen EADDRINUSE: address already in use :::80
    at Server.setupListenHandle [as _listen2] (node:net:1872:16)
    at listenInCluster (node:net:1920:12)
    at Server.listen (node:net:2008:7)
    at Function.listen (D:\3000\baker dev\mines-server\node_modules\express\lib\application.js:635:24)
    at Object.<anonymous> (D:\3000\baker dev\mines-server\app.js:145:6)
    at Module._compile (node:internal/modules/cjs/loader:1241:14)
    at Module._extensions..js (node:internal/modules/cjs/loader:1295:10)
    at Module.load (node:internal/modules/cjs/loader:1091:32)
    at Module._load (node:internal/modules/cjs/loader:938:12)
    at Function.executeUserEntryPoint [as runMain] (node:internal/modules/run_main:83:12)
[2024-04-12 18:45:02.859] [INFO] common - Running in undefined mode @ http://localhost:80
[2024-04-12 18:47:05.493] [INFO] common - { statusCode: 200, statusMessage: 'Success' }
[2024-04-12 18:57:38.771] [INFO] common - { statusCode: 200, statusMessage: 'Success' }
[2024-04-12 18:57:40.216] [INFO] common - { statusCode: 200, statusMessage: 'Success' }
[2024-04-12 18:57:40.854] [INFO] common - { statusCode: 200, statusMessage: 'Success' }
[2024-04-12 18:57:41.690] [INFO] common - { statusCode: 200, statusMessage: 'Success' }
[2024-04-12 18:57:42.203] [INFO] common - { statusCode: 200, statusMessage: 'Success' }
[2024-04-12 18:57:42.483] [INFO] common - { statusCode: 200, statusMessage: 'Success' }
[2024-04-12 18:57:42.857] [INFO] common - { statusCode: 200, statusMessage: 'Success' }
[2024-04-16 17:50:59.907] [INFO] common - Running in undefined mode @ http://localhost:80
[2024-04-16 18:00:25.460] [INFO] common - Running in undefined mode @ http://localhost:80
[2024-04-16 18:00:51.718] [INFO] common - Running in undefined mode @ http://localhost:8000
[2024-04-16 18:01:18.291] [INFO] common - Running in undefined mode @ http://localhost:8000
[2024-04-16 18:28:23.955] [INFO] common - Running in undefined mode @ http://localhost:8000
[2024-04-16 18:30:23.714] [ERROR] common - { error: { code: 500, message: 'users is not defined' } }
[2024-04-16 18:32:42.247] [ERROR] common - { error: { code: 500, message: 'Enter Valid Data' } }
[2024-04-16 18:33:07.618] [INFO] common - Running in undefined mode @ http://localhost:8000
[2024-04-16 18:33:18.081] [ERROR] common - { error: { code: 500, message: 'Enter Valid Data' } }
[2024-04-16 18:37:58.719] [INFO] common - Running in undefined mode @ http://localhost:8000
[2024-04-16 18:56:56.224] [INFO] common - Running in undefined mode @ http://localhost:8000
[2024-04-16 18:58:12.637] [ERROR] common - Uncaught Exception
[2024-04-16 18:58:12.637] [ERROR] common - { inspect: [Function: inspect] }
[2024-04-16 18:58:12.637] [ERROR] common - TypeError: Cannot read properties of undefined (reading 'mimetype')
    at D:\3000\baker dev\mines-server\server\controllers\media.js:25:30
    at D:\3000\baker dev\mines-server\node_modules\multiparty\index.js:139:9
    at D:\3000\baker dev\mines-server\node_modules\multiparty\index.js:118:9
    at process.processTicksAndRejections (node:internal/process/task_queues:77:11)
[2024-04-16 18:58:51.923] [INFO] common - Running in undefined mode @ http://localhost:8000
[2024-04-16 19:02:31.589] [INFO] common - Running in undefined mode @ http://localhost:8000
[2024-04-16 19:03:10.726] [INFO] common - Running in undefined mode @ http://localhost:8000
[2024-04-16 19:03:50.792] [INFO] common - Running in undefined mode @ http://localhost:8000
[2024-04-16 19:04:45.853] [INFO] common - Running in undefined mode @ http://localhost:8000
[2024-04-16 19:14:09.847] [ERROR] common - Uncaught Exception
[2024-04-16 19:14:09.848] [ERROR] common - { inspect: [Function: inspect] }
[2024-04-16 19:14:09.849] [ERROR] common - D:\3000\baker dev\mines-server\server\controllers\media.js:31
            Key: files. filecontent[0].headers.originalFilename:,
                                                               ^

SyntaxError: Unexpected token ':'
    at internalCompileFunction (node:internal/vm:73:18)
    at wrapSafe (node:internal/modules/cjs/loader:1153:20)
    at Module._compile (node:internal/modules/cjs/loader:1205:27)
    at Module._extensions..js (node:internal/modules/cjs/loader:1295:10)
    at Module.load (node:internal/modules/cjs/loader:1091:32)
    at Module._load (node:internal/modules/cjs/loader:938:12)
    at Module.require (node:internal/modules/cjs/loader:1115:19)
    at require (node:internal/modules/helpers:130:18)
    at D:\3000\baker dev\mines-server\server\routes\routesConfigs.js:126:21
    at arrayEach (D:\3000\baker dev\mines-server\node_modules\lodash\lodash.js:530:11)
[2024-04-16 19:14:55.110] [INFO] common - Running in undefined mode @ http://localhost:8000
[2024-04-16 19:15:08.781] [ERROR] common - Uncaught Exception
[2024-04-16 19:15:08.782] [ERROR] common - { inspect: [Function: inspect] }
[2024-04-16 19:15:08.782] [ERROR] common - ReferenceError: type is not defined
    at D:\3000\baker dev\mines-server\server\controllers\media.js:25:59
    at D:\3000\baker dev\mines-server\node_modules\multiparty\index.js:139:9
    at D:\3000\baker dev\mines-server\node_modules\multiparty\index.js:118:9
    at process.processTicksAndRejections (node:internal/process/task_queues:77:11)
[2024-04-16 19:15:53.371] [INFO] common - Running in undefined mode @ http://localhost:8000
[2024-04-16 19:16:42.917] [INFO] common - Running in undefined mode @ http://localhost:8000
[2024-04-16 19:17:24.416] [INFO] common - Running in undefined mode @ http://localhost:8000
[2024-04-17 15:59:24.532] [INFO] common - Running in undefined mode @ http://localhost:8000
[2024-04-17 15:59:32.141] [ERROR] common - Uncaught Exception
[2024-04-17 15:59:32.142] [ERROR] common - { inspect: [Function: inspect] }
[2024-04-17 15:59:32.142] [ERROR] common - Error: ENOENT: no such file or directory, open 'D:\3000\baker dev\mines-server\Screenshot 2023-12-08 000135.png'
    at Object.open (node:internal/fs/sync:78:18)
    at Object.openSync (node:fs:565:17)
    at Object.readFileSync (node:fs:445:35)
    at D:\3000\baker dev\mines-server\server\controllers\media.js:29:25
    at D:\3000\baker dev\mines-server\node_modules\multiparty\index.js:139:9
    at D:\3000\baker dev\mines-server\node_modules\multiparty\index.js:118:9
    at process.processTicksAndRejections (node:internal/process/task_queues:77:11)
[2024-04-17 16:31:14.405] [INFO] common - Running in undefined mode @ http://localhost:8000
[2024-04-17 16:31:25.529] [ERROR] common - Uncaught Exception
[2024-04-17 16:31:25.529] [ERROR] common - { inspect: [Function: inspect] }
[2024-04-17 16:31:25.530] [ERROR] common - ReferenceError: file is not defined
    at D:\3000\baker dev\mines-server\server\controllers\media.js:31:39
    at D:\3000\baker dev\mines-server\node_modules\multiparty\index.js:139:9
    at D:\3000\baker dev\mines-server\node_modules\multiparty\index.js:118:9
    at process.processTicksAndRejections (node:internal/process/task_queues:77:11)
[2024-04-17 16:32:04.298] [INFO] common - Running in undefined mode @ http://localhost:8000
[2024-04-17 16:32:21.997] [ERROR] common - Uncaught Exception
[2024-04-17 16:32:21.998] [ERROR] common - { inspect: [Function: inspect] }
[2024-04-17 16:32:21.998] [ERROR] common - TypeError [ERR_INVALID_ARG_TYPE]: The "path" argument must be of type string or an instance of Buffer or URL. Received an instance of Object
    at new ReadStream (node:internal/fs/streams:173:5)
    at Object.createReadStream (node:fs:3018:10)
    at D:\3000\baker dev\mines-server\server\controllers\media.js:31:22
    at D:\3000\baker dev\mines-server\node_modules\multiparty\index.js:139:9
    at D:\3000\baker dev\mines-server\node_modules\multiparty\index.js:118:9
    at process.processTicksAndRejections (node:internal/process/task_queues:77:11)
[2024-04-17 16:34:48.959] [INFO] common - Running in undefined mode @ http://localhost:8000
[2024-04-17 16:36:31.722] [INFO] common - Running in undefined mode @ http://localhost:8000
[2024-04-17 16:37:37.541] [INFO] common - Running in undefined mode @ http://localhost:8000
[2024-04-17 16:40:18.398] [INFO] common - Running in undefined mode @ http://localhost:8000
[2024-04-17 16:58:59.326] [INFO] common - Running in undefined mode @ http://localhost:8000
[2024-04-17 17:01:16.063] [INFO] common - Running in undefined mode @ http://localhost:8000
[2024-04-17 17:02:33.140] [INFO] common - Running in undefined mode @ http://localhost:8000
[2024-04-17 17:03:58.433] [ERROR] common - Uncaught Exception
[2024-04-17 17:03:58.434] [ERROR] common - { inspect: [Function: inspect] }
[2024-04-17 17:03:58.434] [ERROR] common - NoSuchBucket: The specified bucket does not exist
    at Request.extractError (D:\3000\baker dev\mines-server\node_modules\aws-sdk\lib\services\s3.js:712:35)
    at Request.callListeners (D:\3000\baker dev\mines-server\node_modules\aws-sdk\lib\sequential_executor.js:106:20)
    at Request.emit (D:\3000\baker dev\mines-server\node_modules\aws-sdk\lib\sequential_executor.js:78:10)
    at Request.emit (D:\3000\baker dev\mines-server\node_modules\aws-sdk\lib\request.js:686:14)
    at Request.transition (D:\3000\baker dev\mines-server\node_modules\aws-sdk\lib\request.js:22:10)
    at AcceptorStateMachine.runTo (D:\3000\baker dev\mines-server\node_modules\aws-sdk\lib\state_machine.js:14:12)
    at D:\3000\baker dev\mines-server\node_modules\aws-sdk\lib\state_machine.js:26:10
    at Request.<anonymous> (D:\3000\baker dev\mines-server\node_modules\aws-sdk\lib\request.js:38:9)
    at Request.<anonymous> (D:\3000\baker dev\mines-server\node_modules\aws-sdk\lib\request.js:688:12)
    at Request.callListeners (D:\3000\baker dev\mines-server\node_modules\aws-sdk\lib\sequential_executor.js:116:18)
[2024-04-17 17:05:38.033] [INFO] common - Running in undefined mode @ http://localhost:8000
[2024-04-17 17:05:46.185] [ERROR] common - Uncaught Exception
[2024-04-17 17:05:46.185] [ERROR] common - { inspect: [Function: inspect] }
[2024-04-17 17:05:46.186] [ERROR] common - NoSuchBucket: The specified bucket does not exist
    at Request.extractError (D:\3000\baker dev\mines-server\node_modules\aws-sdk\lib\services\s3.js:712:35)
    at Request.callListeners (D:\3000\baker dev\mines-server\node_modules\aws-sdk\lib\sequential_executor.js:106:20)
    at Request.emit (D:\3000\baker dev\mines-server\node_modules\aws-sdk\lib\sequential_executor.js:78:10)
    at Request.emit (D:\3000\baker dev\mines-server\node_modules\aws-sdk\lib\request.js:686:14)
    at Request.transition (D:\3000\baker dev\mines-server\node_modules\aws-sdk\lib\request.js:22:10)
    at AcceptorStateMachine.runTo (D:\3000\baker dev\mines-server\node_modules\aws-sdk\lib\state_machine.js:14:12)
    at D:\3000\baker dev\mines-server\node_modules\aws-sdk\lib\state_machine.js:26:10
    at Request.<anonymous> (D:\3000\baker dev\mines-server\node_modules\aws-sdk\lib\request.js:38:9)
    at Request.<anonymous> (D:\3000\baker dev\mines-server\node_modules\aws-sdk\lib\request.js:688:12)
    at Request.callListeners (D:\3000\baker dev\mines-server\node_modules\aws-sdk\lib\sequential_executor.js:116:18)
[2024-04-17 17:06:37.007] [INFO] common - Running in undefined mode @ http://localhost:8000
[2024-04-17 17:06:45.635] [ERROR] common - Uncaught Exception
[2024-04-17 17:06:45.636] [ERROR] common - { inspect: [Function: inspect] }
[2024-04-17 17:06:45.637] [ERROR] common - NoSuchBucket: The specified bucket does not exist
    at Request.extractError (D:\3000\baker dev\mines-server\node_modules\aws-sdk\lib\services\s3.js:712:35)
    at Request.callListeners (D:\3000\baker dev\mines-server\node_modules\aws-sdk\lib\sequential_executor.js:106:20)
    at Request.emit (D:\3000\baker dev\mines-server\node_modules\aws-sdk\lib\sequential_executor.js:78:10)
    at Request.emit (D:\3000\baker dev\mines-server\node_modules\aws-sdk\lib\request.js:686:14)
    at Request.transition (D:\3000\baker dev\mines-server\node_modules\aws-sdk\lib\request.js:22:10)
    at AcceptorStateMachine.runTo (D:\3000\baker dev\mines-server\node_modules\aws-sdk\lib\state_machine.js:14:12)
    at D:\3000\baker dev\mines-server\node_modules\aws-sdk\lib\state_machine.js:26:10
    at Request.<anonymous> (D:\3000\baker dev\mines-server\node_modules\aws-sdk\lib\request.js:38:9)
    at Request.<anonymous> (D:\3000\baker dev\mines-server\node_modules\aws-sdk\lib\request.js:688:12)
    at Request.callListeners (D:\3000\baker dev\mines-server\node_modules\aws-sdk\lib\sequential_executor.js:116:18)
[2024-04-17 17:17:16.050] [INFO] common - Running in undefined mode @ http://localhost:8000
[2024-04-17 17:17:29.631] [ERROR] common - Uncaught Exception
[2024-04-17 17:17:29.632] [ERROR] common - { inspect: [Function: inspect] }
[2024-04-17 17:17:29.633] [ERROR] common - TypeError: Cannot set properties of null (setting 'message')
    at ManagedUpload.callback (D:\3000\baker dev\mines-server\server\controllers\media.js:51:35)
    at Response.finishSinglePart (D:\3000\baker dev\mines-server\node_modules\aws-sdk\lib\s3\managed_upload.js:680:28)
    at Request.<anonymous> (D:\3000\baker dev\mines-server\node_modules\aws-sdk\lib\request.js:367:18)
    at Request.callListeners (D:\3000\baker dev\mines-server\node_modules\aws-sdk\lib\sequential_executor.js:106:20)
    at Request.emit (D:\3000\baker dev\mines-server\node_modules\aws-sdk\lib\sequential_executor.js:78:10)
    at Request.emit (D:\3000\baker dev\mines-server\node_modules\aws-sdk\lib\request.js:686:14)
    at Request.transition (D:\3000\baker dev\mines-server\node_modules\aws-sdk\lib\request.js:22:10)
    at AcceptorStateMachine.runTo (D:\3000\baker dev\mines-server\node_modules\aws-sdk\lib\state_machine.js:14:12)
    at D:\3000\baker dev\mines-server\node_modules\aws-sdk\lib\state_machine.js:26:10
    at Request.<anonymous> (D:\3000\baker dev\mines-server\node_modules\aws-sdk\lib\request.js:38:9)
[2024-04-17 17:18:23.096] [INFO] common - Running in undefined mode @ http://localhost:8000
[2024-04-17 17:18:44.167] [ERROR] common - Uncaught Exception
[2024-04-17 17:18:44.168] [ERROR] common - { inspect: [Function: inspect] }
[2024-04-17 17:18:44.168] [ERROR] common - TypeError: Cannot set properties of null (setting 'message')
    at ManagedUpload.callback (D:\3000\baker dev\mines-server\server\controllers\media.js:51:35)
    at Response.finishSinglePart (D:\3000\baker dev\mines-server\node_modules\aws-sdk\lib\s3\managed_upload.js:680:28)
    at Request.<anonymous> (D:\3000\baker dev\mines-server\node_modules\aws-sdk\lib\request.js:367:18)
    at Request.callListeners (D:\3000\baker dev\mines-server\node_modules\aws-sdk\lib\sequential_executor.js:106:20)
    at Request.emit (D:\3000\baker dev\mines-server\node_modules\aws-sdk\lib\sequential_executor.js:78:10)
    at Request.emit (D:\3000\baker dev\mines-server\node_modules\aws-sdk\lib\request.js:686:14)
    at Request.transition (D:\3000\baker dev\mines-server\node_modules\aws-sdk\lib\request.js:22:10)
    at AcceptorStateMachine.runTo (D:\3000\baker dev\mines-server\node_modules\aws-sdk\lib\state_machine.js:14:12)
    at D:\3000\baker dev\mines-server\node_modules\aws-sdk\lib\state_machine.js:26:10
    at Request.<anonymous> (D:\3000\baker dev\mines-server\node_modules\aws-sdk\lib\request.js:38:9)
[2024-04-17 17:20:25.875] [INFO] common - Running in undefined mode @ http://localhost:8000
[2024-04-17 17:20:33.761] [ERROR] common - Uncaught Exception
[2024-04-17 17:20:33.762] [ERROR] common - { inspect: [Function: inspect] }
[2024-04-17 17:20:33.762] [ERROR] common - NoSuchBucket: The specified bucket does not exist
    at Request.extractError (D:\3000\baker dev\mines-server\node_modules\aws-sdk\lib\services\s3.js:712:35)
    at Request.callListeners (D:\3000\baker dev\mines-server\node_modules\aws-sdk\lib\sequential_executor.js:106:20)
    at Request.emit (D:\3000\baker dev\mines-server\node_modules\aws-sdk\lib\sequential_executor.js:78:10)
    at Request.emit (D:\3000\baker dev\mines-server\node_modules\aws-sdk\lib\request.js:686:14)
    at Request.transition (D:\3000\baker dev\mines-server\node_modules\aws-sdk\lib\request.js:22:10)
    at AcceptorStateMachine.runTo (D:\3000\baker dev\mines-server\node_modules\aws-sdk\lib\state_machine.js:14:12)
    at D:\3000\baker dev\mines-server\node_modules\aws-sdk\lib\state_machine.js:26:10
    at Request.<anonymous> (D:\3000\baker dev\mines-server\node_modules\aws-sdk\lib\request.js:38:9)
    at Request.<anonymous> (D:\3000\baker dev\mines-server\node_modules\aws-sdk\lib\request.js:688:12)
    at Request.callListeners (D:\3000\baker dev\mines-server\node_modules\aws-sdk\lib\sequential_executor.js:116:18)
[2024-04-17 17:23:22.801] [INFO] common - Running in undefined mode @ http://localhost:8000
[2024-04-17 17:24:14.457] [INFO] common - Running in undefined mode @ http://localhost:8000
[2024-04-17 17:24:45.382] [ERROR] common - Uncaught Exception
[2024-04-17 17:24:45.382] [ERROR] common - { inspect: [Function: inspect] }
[2024-04-17 17:24:45.383] [ERROR] common - NoSuchBucket: The specified bucket does not exist
    at Request.extractError (D:\3000\baker dev\mines-server\node_modules\aws-sdk\lib\services\s3.js:712:35)
    at Request.callListeners (D:\3000\baker dev\mines-server\node_modules\aws-sdk\lib\sequential_executor.js:106:20)
    at Request.emit (D:\3000\baker dev\mines-server\node_modules\aws-sdk\lib\sequential_executor.js:78:10)
    at Request.emit (D:\3000\baker dev\mines-server\node_modules\aws-sdk\lib\request.js:686:14)
    at Request.transition (D:\3000\baker dev\mines-server\node_modules\aws-sdk\lib\request.js:22:10)
    at AcceptorStateMachine.runTo (D:\3000\baker dev\mines-server\node_modules\aws-sdk\lib\state_machine.js:14:12)
    at D:\3000\baker dev\mines-server\node_modules\aws-sdk\lib\state_machine.js:26:10
    at Request.<anonymous> (D:\3000\baker dev\mines-server\node_modules\aws-sdk\lib\request.js:38:9)
    at Request.<anonymous> (D:\3000\baker dev\mines-server\node_modules\aws-sdk\lib\request.js:688:12)
    at Request.callListeners (D:\3000\baker dev\mines-server\node_modules\aws-sdk\lib\sequential_executor.js:116:18)
[2024-04-17 17:25:31.402] [INFO] common - Running in undefined mode @ http://localhost:8000
[2024-04-17 17:27:46.298] [ERROR] common - Uncaught Exception
[2024-04-17 17:27:46.299] [ERROR] common - { inspect: [Function: inspect] }
[2024-04-17 17:27:46.299] [ERROR] common - TypeError: Cannot set properties of null (setting 'message')
    at ManagedUpload.callback (D:\3000\baker dev\mines-server\server\controllers\media.js:51:35)
    at Response.finishSinglePart (D:\3000\baker dev\mines-server\node_modules\aws-sdk\lib\s3\managed_upload.js:680:28)
    at Request.<anonymous> (D:\3000\baker dev\mines-server\node_modules\aws-sdk\lib\request.js:367:18)
    at Request.callListeners (D:\3000\baker dev\mines-server\node_modules\aws-sdk\lib\sequential_executor.js:106:20)
    at Request.emit (D:\3000\baker dev\mines-server\node_modules\aws-sdk\lib\sequential_executor.js:78:10)
    at Request.emit (D:\3000\baker dev\mines-server\node_modules\aws-sdk\lib\request.js:686:14)
    at Request.transition (D:\3000\baker dev\mines-server\node_modules\aws-sdk\lib\request.js:22:10)
    at AcceptorStateMachine.runTo (D:\3000\baker dev\mines-server\node_modules\aws-sdk\lib\state_machine.js:14:12)
    at D:\3000\baker dev\mines-server\node_modules\aws-sdk\lib\state_machine.js:26:10
    at Request.<anonymous> (D:\3000\baker dev\mines-server\node_modules\aws-sdk\lib\request.js:38:9)
[2024-04-18 14:17:12.004] [INFO] common - Running in undefined mode @ http://localhost:8000
[2024-04-18 14:17:31.696] [ERROR] common - Uncaught Exception
[2024-04-18 14:17:31.697] [ERROR] common - { inspect: [Function: inspect] }
[2024-04-18 14:17:31.697] [ERROR] common - TypeError: Cannot set properties of null (setting 'message')
    at ManagedUpload.callback (D:\3000\baker dev\mines-server\server\controllers\media.js:52:39)
    at Response.finishSinglePart (D:\3000\baker dev\mines-server\node_modules\aws-sdk\lib\s3\managed_upload.js:680:28)
    at Request.<anonymous> (D:\3000\baker dev\mines-server\node_modules\aws-sdk\lib\request.js:367:18)
    at Request.callListeners (D:\3000\baker dev\mines-server\node_modules\aws-sdk\lib\sequential_executor.js:106:20)
    at Request.emit (D:\3000\baker dev\mines-server\node_modules\aws-sdk\lib\sequential_executor.js:78:10)
    at Request.emit (D:\3000\baker dev\mines-server\node_modules\aws-sdk\lib\request.js:686:14)
    at Request.transition (D:\3000\baker dev\mines-server\node_modules\aws-sdk\lib\request.js:22:10)
    at AcceptorStateMachine.runTo (D:\3000\baker dev\mines-server\node_modules\aws-sdk\lib\state_machine.js:14:12)
    at D:\3000\baker dev\mines-server\node_modules\aws-sdk\lib\state_machine.js:26:10
    at Request.<anonymous> (D:\3000\baker dev\mines-server\node_modules\aws-sdk\lib\request.js:38:9)
[2024-04-18 14:18:17.644] [INFO] common - Running in undefined mode @ http://localhost:8000
[2024-04-18 14:18:27.378] [ERROR] common - Uncaught Exception
[2024-04-18 14:18:27.379] [ERROR] common - { inspect: [Function: inspect] }
[2024-04-18 14:18:27.379] [ERROR] common - NoSuchBucket: The specified bucket does not exist
    at Request.extractError (D:\3000\baker dev\mines-server\node_modules\aws-sdk\lib\services\s3.js:712:35)
    at Request.callListeners (D:\3000\baker dev\mines-server\node_modules\aws-sdk\lib\sequential_executor.js:106:20)
    at Request.emit (D:\3000\baker dev\mines-server\node_modules\aws-sdk\lib\sequential_executor.js:78:10)
    at Request.emit (D:\3000\baker dev\mines-server\node_modules\aws-sdk\lib\request.js:686:14)
    at Request.transition (D:\3000\baker dev\mines-server\node_modules\aws-sdk\lib\request.js:22:10)
    at AcceptorStateMachine.runTo (D:\3000\baker dev\mines-server\node_modules\aws-sdk\lib\state_machine.js:14:12)
    at D:\3000\baker dev\mines-server\node_modules\aws-sdk\lib\state_machine.js:26:10
    at Request.<anonymous> (D:\3000\baker dev\mines-server\node_modules\aws-sdk\lib\request.js:38:9)
    at Request.<anonymous> (D:\3000\baker dev\mines-server\node_modules\aws-sdk\lib\request.js:688:12)
    at Request.callListeners (D:\3000\baker dev\mines-server\node_modules\aws-sdk\lib\sequential_executor.js:116:18)
[2024-04-18 14:21:06.992] [INFO] common - Running in undefined mode @ http://localhost:8000
[2024-04-18 14:21:17.953] [ERROR] common - Uncaught Exception
[2024-04-18 14:21:17.953] [ERROR] common - { inspect: [Function: inspect] }
[2024-04-18 14:21:17.954] [ERROR] common - NoSuchBucket: The specified bucket does not exist
    at Request.extractError (D:\3000\baker dev\mines-server\node_modules\aws-sdk\lib\services\s3.js:712:35)
    at Request.callListeners (D:\3000\baker dev\mines-server\node_modules\aws-sdk\lib\sequential_executor.js:106:20)
    at Request.emit (D:\3000\baker dev\mines-server\node_modules\aws-sdk\lib\sequential_executor.js:78:10)
    at Request.emit (D:\3000\baker dev\mines-server\node_modules\aws-sdk\lib\request.js:686:14)
    at Request.transition (D:\3000\baker dev\mines-server\node_modules\aws-sdk\lib\request.js:22:10)
    at AcceptorStateMachine.runTo (D:\3000\baker dev\mines-server\node_modules\aws-sdk\lib\state_machine.js:14:12)
    at D:\3000\baker dev\mines-server\node_modules\aws-sdk\lib\state_machine.js:26:10
    at Request.<anonymous> (D:\3000\baker dev\mines-server\node_modules\aws-sdk\lib\request.js:38:9)
    at Request.<anonymous> (D:\3000\baker dev\mines-server\node_modules\aws-sdk\lib\request.js:688:12)
    at Request.callListeners (D:\3000\baker dev\mines-server\node_modules\aws-sdk\lib\sequential_executor.js:116:18)
[2024-04-18 14:22:57.767] [INFO] common - Running in undefined mode @ http://localhost:8000
[2024-04-18 14:23:07.299] [ERROR] common - Uncaught Exception
[2024-04-18 14:23:07.300] [ERROR] common - { inspect: [Function: inspect] }
[2024-04-18 14:23:07.300] [ERROR] common - TypeError: Cannot set properties of null (setting 'message')
    at ManagedUpload.callback (D:\3000\baker dev\mines-server\server\controllers\media.js:66:39)
    at Response.finishSinglePart (D:\3000\baker dev\mines-server\node_modules\aws-sdk\lib\s3\managed_upload.js:680:28)
    at Request.<anonymous> (D:\3000\baker dev\mines-server\node_modules\aws-sdk\lib\request.js:367:18)
    at Request.callListeners (D:\3000\baker dev\mines-server\node_modules\aws-sdk\lib\sequential_executor.js:106:20)
    at Request.emit (D:\3000\baker dev\mines-server\node_modules\aws-sdk\lib\sequential_executor.js:78:10)
    at Request.emit (D:\3000\baker dev\mines-server\node_modules\aws-sdk\lib\request.js:686:14)
    at Request.transition (D:\3000\baker dev\mines-server\node_modules\aws-sdk\lib\request.js:22:10)
    at AcceptorStateMachine.runTo (D:\3000\baker dev\mines-server\node_modules\aws-sdk\lib\state_machine.js:14:12)
    at D:\3000\baker dev\mines-server\node_modules\aws-sdk\lib\state_machine.js:26:10
    at Request.<anonymous> (D:\3000\baker dev\mines-server\node_modules\aws-sdk\lib\request.js:38:9)
[2024-04-18 14:24:31.608] [INFO] common - Running in undefined mode @ http://localhost:8000
[2024-04-18 14:24:54.178] [INFO] common - { statusCode: 200, statusMessage: 'Success' }
[2024-04-18 14:25:46.744] [INFO] common - Running in undefined mode @ http://localhost:8000
[2024-04-18 14:25:57.087] [ERROR] common - { error: 'ww' }
[2024-04-18 14:27:03.662] [INFO] common - Running in undefined mode @ http://localhost:8000
[2024-04-18 14:27:28.846] [ERROR] common - {
  error: { code: 500, message: 'The specified bucket does not exist' }
}
[2024-04-18 14:28:38.479] [INFO] common - Running in undefined mode @ http://localhost:8000
[2024-04-18 14:29:22.259] [ERROR] common - Uncaught Exception
[2024-04-18 14:29:22.259] [ERROR] common - { inspect: [Function: inspect] }
[2024-04-18 14:29:22.260] [ERROR] common - D:\3000\baker dev\mines-server\server\controllers\media.js:37
                Key: .originalFilename+kuuid.id().toString()+files.filecontent[0],
                     ^

SyntaxError: Unexpected token '.'
    at internalCompileFunction (node:internal/vm:73:18)
    at wrapSafe (node:internal/modules/cjs/loader:1153:20)
    at Module._compile (node:internal/modules/cjs/loader:1205:27)
    at Module._extensions..js (node:internal/modules/cjs/loader:1295:10)
    at Module.load (node:internal/modules/cjs/loader:1091:32)
    at Module._load (node:internal/modules/cjs/loader:938:12)
    at Module.require (node:internal/modules/cjs/loader:1115:19)
    at require (node:internal/modules/helpers:130:18)
    at D:\3000\baker dev\mines-server\server\routes\routesConfigs.js:126:21
    at arrayEach (D:\3000\baker dev\mines-server\node_modules\lodash\lodash.js:530:11)
[2024-04-18 14:30:08.576] [INFO] common - Running in undefined mode @ http://localhost:8000
[2024-04-18 14:31:34.191] [INFO] common - Running in undefined mode @ http://localhost:8000
[2024-04-18 14:39:04.569] [INFO] common - Running in undefined mode @ http://localhost:8000
[2024-04-18 14:39:58.951] [ERROR] common - {
  error: { code: 500, message: 'The specified bucket does not exist' }
}
[2024-04-18 14:41:43.098] [INFO] common - Running in undefined mode @ http://localhost:8000
[2024-04-18 14:41:53.967] [ERROR] common - {
  error: { sucess: false, message: 'The specified bucket does not exist' }
}
[2024-04-18 14:48:32.828] [INFO] common - Running in undefined mode @ http://localhost:8000
[2024-04-18 14:48:48.728] [ERROR] common - {
  error: { sucess: false, message: 'The specified bucket does not exist' }
}
[2024-04-18 14:48:57.852] [ERROR] common - {
  error: {
    sucess: false,
    message: 'Expected uri parameter to have length >= 1, but found "" for params.Bucket'
  }
}
[2024-04-20 22:17:44.392] [INFO] common - Running in undefined mode @ http://localhost:8000
[2024-04-20 22:17:44.409] [ERROR] common - Uncaught Exception
[2024-04-20 22:17:44.409] [ERROR] common - { inspect: [Function: inspect] }
[2024-04-20 22:17:44.409] [ERROR] common - Error: listen EADDRINUSE: address already in use :::8000
    at Server.setupListenHandle [as _listen2] (node:net:1872:16)
    at listenInCluster (node:net:1920:12)
    at Server.listen (node:net:2008:7)
    at Function.listen (C:\Users\mdadi\OneDrive - Fulcrum GT\Documents\GitHub\mines-server\node_modules\express\lib\application.js:635:24)
    at Object.<anonymous> (C:\Users\mdadi\OneDrive - Fulcrum GT\Documents\GitHub\mines-server\app.js:145:6)
    at Module._compile (node:internal/modules/cjs/loader:1241:14)
    at Module._extensions..js (node:internal/modules/cjs/loader:1295:10)
    at Module.load (node:internal/modules/cjs/loader:1091:32)
    at Module._load (node:internal/modules/cjs/loader:938:12)
    at Function.executeUserEntryPoint [as runMain] (node:internal/modules/run_main:83:12)
[2024-04-20 22:18:19.477] [INFO] common - Running in undefined mode @ http://localhost:8000
[2024-04-20 22:23:39.699] [ERROR] common - Uncaught Exception
[2024-04-20 22:23:39.700] [ERROR] common - { inspect: [Function: inspect] }
[2024-04-20 22:23:39.701] [ERROR] common - ReferenceError: v is not defined
    at Object.<anonymous> (C:\Users\mdadi\OneDrive - Fulcrum GT\Documents\GitHub\mines-server\server\controllers\dashboard.js:8:1)
    at Module._compile (node:internal/modules/cjs/loader:1241:14)
    at Module._extensions..js (node:internal/modules/cjs/loader:1295:10)
    at Module.load (node:internal/modules/cjs/loader:1091:32)
    at Module._load (node:internal/modules/cjs/loader:938:12)
    at Module.require (node:internal/modules/cjs/loader:1115:19)
    at require (node:internal/modules/helpers:130:18)
    at C:\Users\mdadi\OneDrive - Fulcrum GT\Documents\GitHub\mines-server\server\routes\routesConfigs.js:126:21
    at arrayEach (C:\Users\mdadi\OneDrive - Fulcrum GT\Documents\GitHub\mines-server\node_modules\lodash\lodash.js:530:11)
    at Function.forEach (C:\Users\mdadi\OneDrive - Fulcrum GT\Documents\GitHub\mines-server\node_modules\lodash\lodash.js:9410:14)
[2024-04-20 22:24:56.378] [ERROR] common - Uncaught Exception
[2024-04-20 22:24:56.379] [ERROR] common - { inspect: [Function: inspect] }
[2024-04-20 22:24:56.380] [ERROR] common - ReferenceError: v is not defined
    at Object.<anonymous> (C:\Users\mdadi\OneDrive - Fulcrum GT\Documents\GitHub\mines-server\server\controllers\dashboard.js:8:1)
    at Module._compile (node:internal/modules/cjs/loader:1241:14)
    at Module._extensions..js (node:internal/modules/cjs/loader:1295:10)
    at Module.load (node:internal/modules/cjs/loader:1091:32)
    at Module._load (node:internal/modules/cjs/loader:938:12)
    at Module.require (node:internal/modules/cjs/loader:1115:19)
    at require (node:internal/modules/helpers:130:18)
    at C:\Users\mdadi\OneDrive - Fulcrum GT\Documents\GitHub\mines-server\server\routes\routesConfigs.js:126:21
    at arrayEach (C:\Users\mdadi\OneDrive - Fulcrum GT\Documents\GitHub\mines-server\node_modules\lodash\lodash.js:530:11)
    at Function.forEach (C:\Users\mdadi\OneDrive - Fulcrum GT\Documents\GitHub\mines-server\node_modules\lodash\lodash.js:9410:14)
[2024-04-20 22:27:03.756] [INFO] common - Running in undefined mode @ http://localhost:8000
[2024-04-20 22:27:27.277] [INFO] common - { statusCode: 200, statusMessage: 'Success' }
[2024-04-20 22:40:08.680] [INFO] common - Running in undefined mode @ http://localhost:8000
[2024-04-20 23:05:30.233] [INFO] common - Running in undefined mode @ http://localhost:8000
[2024-04-20 23:05:46.346] [INFO] common - { statusCode: 200, statusMessage: 'Success' }
[2024-04-20 23:08:04.808] [INFO] common - Running in undefined mode @ http://localhost:8000
[2024-04-20 23:08:26.603] [INFO] common - { statusCode: 200, statusMessage: 'Success' }
[2024-04-20 23:09:19.819] [INFO] common - { statusCode: 200, statusMessage: 'Success' }
[2024-04-20 23:09:19.827] [ERROR] common - Uncaught Exception
[2024-04-20 23:09:19.827] [ERROR] common - { inspect: [Function: inspect] }
[2024-04-20 23:09:19.828] [ERROR] common - ReferenceError: error is not defined
    at exports.updatedashboardData (C:\Users\mdadi\OneDrive - Fulcrum GT\Documents\GitHub\mines-server\server\controllers\dashboard.js:76:9)
    at process.processTicksAndRejections (node:internal/process/task_queues:95:5)
[2024-04-20 23:09:34.512] [INFO] common - { statusCode: 200, statusMessage: 'Success' }
[2024-04-20 23:10:19.578] [INFO] common - { statusCode: 200, statusMessage: 'Success' }
